============================= test session starts ==============================
platform darwin -- Python 3.13.5, pytest-9.0.2, pluggy-1.6.0
rootdir: /Users/evren/code/asky
configfile: pyproject.toml
plugins: anyio-4.12.1
collected 537 items

tests/test_api_client_status.py .                                        [  0%]
tests/test_api_library.py ...............                                [  2%]
tests/test_api_model_parameter_override.py ..                            [  3%]
tests/test_banner_compact.py ..                                          [  3%]
tests/test_banner_embedding.py ...........                               [  5%]
tests/test_cli.py ...................................................... [ 15%]
...                                                                      [ 16%]
tests/test_completion.py ...........                                     [ 18%]
tests/test_config.py ....                                                [ 19%]
tests/test_context_overflow.py ....                                      [ 19%]
tests/test_custom_tools.py ......                                        [ 21%]
tests/test_display_token_usage.py .                                      [ 21%]
tests/test_email.py ....                                                 [ 21%]
tests/test_evidence_extraction.py ......                                 [ 23%]
tests/test_expansion.py .......                                          [ 24%]
tests/test_feature_reply.py ....                                         [ 25%]
tests/test_file_prompts.py ......                                        [ 26%]
tests/test_html.py ........                                              [ 27%]
tests/test_html_report.py ......                                         [ 28%]
tests/test_integration.py ...                                            [ 29%]
tests/test_lean_mode.py ......                                           [ 30%]
tests/test_llm.py ...................                                    [ 34%]
tests/test_local_ingestion_flow.py ....                                  [ 34%]
tests/test_logger.py ..                                                  [ 35%]
tests/test_model_params.py ....                                          [ 35%]
tests/test_models_cli.py ..                                              [ 36%]
tests/test_openrouter.py ......                                          [ 37%]
tests/test_push_data.py ...........................                      [ 42%]
tests/test_query_expansion.py ......                                     [ 43%]
tests/test_research_adapters.py .............                            [ 45%]
tests/test_research_cache.py ..............................              [ 51%]
tests/test_research_chunker.py ...........................               [ 56%]
tests/test_research_embeddings.py ....................                   [ 60%]
tests/test_research_eval_assertions.py ....                              [ 61%]
tests/test_research_eval_dataset.py ..                                   [ 61%]
tests/test_research_eval_evaluator.py ...........                        [ 63%]
tests/test_research_eval_matrix.py ...                                   [ 64%]
tests/test_research_eval_source_providers.py ....                        [ 64%]
tests/test_research_prompts.py ...                                       [ 65%]
tests/test_research_tools.py ........................................... [ 73%]
...                                                                      [ 73%]
tests/test_research_vector_store.py .................................... [ 80%]
...                                                                      [ 81%]
tests/test_session_research_cleanup.py ...                               [ 81%]
tests/test_sessions.py ........                                          [ 83%]
tests/test_source_shortlist.py ............                              [ 85%]
tests/test_startup_cleanup.py ..                                         [ 85%]
tests/test_startup_performance.py ..                                     [ 86%]
tests/test_storage.py .......                                            [ 87%]
tests/test_summarization.py ...                                          [ 88%]
tests/test_summarization_tracking.py ...                                 [ 88%]
tests/test_tool_management.py ....                                       [ 89%]
tests/test_tools.py ....................                                 [ 93%]
tests/test_usage_tracker.py ...                                          [ 93%]
tests/test_user_memory.py ............................                   [ 98%]
tests/test_xml_tool_parsing.py ......                                    [100%]

============================= 537 passed in 6.71s ==============================
